<?xml version="1.0" encoding="UTF-8"?>
<!-- Generated by org.testng.reporters.JUnitReportReporter -->
<testsuite hostname="MacbookAir" failures="0" tests="1" name="test.TC_02_MenPageTest" time="59.405" errors="0" timestamp="2024-07-11T23:53:52 IST" skipped="0">
  <testcase classname="test.TC_02_MenPageTest" name="OrderThroughMenPage" time="59.405"/>
  <system-out/>
</testsuite> <!-- test.TC_02_MenPageTest -->
